<?xml version="1.0" encoding="UTF-8"?>
<!-- Generated by org.testng.reporters.JUnitReportReporter -->
<testsuite hostname="DESKTOP-DNLDG4V" failures="0" tests="1" name="testCases.TestFitpeoPage" time="7.602" errors="0" timestamp="2024-11-27T12:42:10 IST" skipped="0">
  <testcase classname="testCases.TestFitpeoPage" name="verifyFitpeoPage" time="7.602"/>
  <system-out/>
</testsuite> <!-- testCases.TestFitpeoPage -->
