<?xml version="1.0" encoding="UTF-8"?>
<!-- Generated by org.testng.reporters.JUnitReportReporter -->
<testsuite hostname="DESKTOP-DNLDG4V" failures="0" tests="1" name="testCases.TestFitpeoPage" time="9.711" errors="0" timestamp="2024-11-27T14:45:07 IST" skipped="0">
  <testcase classname="testCases.TestFitpeoPage" name="verifyFitpeoPage" time="9.711"/>
  <system-out/>
</testsuite> <!-- testCases.TestFitpeoPage -->
